[2021-01-04 01:26:20] [CarinaListener.java] [1] [INFO] 
============= Test configuration =============
url=https://www.exa.unicen.edu.ar/es
env=DEMO
env_arg_resolver=com.qaprosoft.carina.core.foundation.utils.DefaultEnvArgResolver
browser_language=en_US
selenium_host=http://localhost:4444/wd/hub
max_driver_count=3
headless=false
proxy_protocols=http,https,ftp
browsermob_proxy=false
browsermob_port=0
browsermob_disabled_mitm=false
proxy_set_to_system=false
track_known_issues=false
auto_screenshot=true
explicit_timeout=20
auto_download=false
retry_interval=5
project_report_directory=./reports/qa
max_screen_history=0
max_log_file_size=150
result_sorting=true
big_screen_width=-1
big_screen_height=-1
init_retry_count=0
init_retry_interval=1
retry_count=0
enable_l10n=true
l10n_encoding=ISO-8859-1
locale=en_US
thread_count=3
data_provider_thread_count=1
core_log_level=INFO
core_log_packages=com.qaprosoft.carina.core
artifacts_expiration_seconds=2592000
log_all_json=true
date_format=HH:mm:ss yyyy-MM-dd
time_format=HH:mm:ss
test_naming_pattern={method_name}
element_loading_strategy=BY_PRESENCE_OR_VISIBILITY
page_opening_strategy=BY_URL_AND_ELEMENT
forcibly_disable_driver_quit=false
s3_use_presign_url=false
s3_local_storage=.
appcenter_local_storage=.
add_new_localization=false
add_new_localization_encoding=utf-8
add_new_localization_property_name=new_custom_messages_
uninstall_related_apps=false
default_device_timezone=GMT
default_device_time_format=24
default_device_language=en_US
android_screen_record_bitrate=1000000
android_enable_bug_report=true
ios_screen_record_quality=MEDIUM
ios_screen_record_codec=libx264
ios_screen_record_fps=10
screen_record_duration=180
video_scale=-2:720
ignore_ssl=false
selenium_host=http://localhost:4444/wd/hub

------------- Driver capabilities -----------
================================================

[2021-01-04 01:26:21] [CarinaListener.java] [1] [INFO] CARINA_CORE_VERSION: 6.5.46
[2021-01-04 01:26:21] [IMessager.java] [1] [INFO]  TEST [Default test - testHeaderText] STARTED at [13:26:21 2021-01-04]
[2021-01-04 01:26:22] [IDriverPool.java] [1] [ERROR] Driver initialization 'default' FAILED! Retry 1 of 1 time - Requested environment is not available (WARNING: The server did not provide any stacktrace information)
Command duration or timeout: 182 milliseconds
Build info: version: '3.141.59', revision: 'e82be7d358', time: '2018-11-14T08:17:03'
System info: host: 'DESKTOP-D8OKUAA', ip: '192.168.176.1', os.name: 'Windows 10', os.arch: 'amd64', os.version: '10.0', java.version: '12.0.2'
Driver info: driver.version: RemoteWebDriver
[2021-01-04 01:26:22] [IMessager.java] [1] [ERROR]  TEST [Default test - testHeaderText] FAILED at [13:26:22 2021-01-04] - Requested environment is not available (WARNING: The server did not provide any stacktrace information)
Command duration or timeout: 182 milliseconds
Build info: version: '3.141.59', revision: 'e82be7d358', time: '2018-11-14T08:17:03'
System info: host: 'DESKTOP-D8OKUAA', ip: '192.168.176.1', os.name: 'Windows 10', os.arch: 'amd64', os.version: '10.0', java.version: '12.0.2'
Driver info: driver.version: RemoteWebDriver

java.base/jdk.internal.reflect.NativeConstructorAccessorImpl.newInstance0(Native Method)
java.base/jdk.internal.reflect.NativeConstructorAccessorImpl.newInstance(NativeConstructorAccessorImpl.java:62)
java.base/jdk.internal.reflect.DelegatingConstructorAccessorImpl.newInstance(DelegatingConstructorAccessorImpl.java:45)
java.base/java.lang.reflect.Constructor.newInstanceWithCaller(Constructor.java:500)
java.base/java.lang.reflect.Constructor.newInstance(Constructor.java:481)
org.openqa.selenium.remote.ErrorHandler.createThrowable(ErrorHandler.java:214)
org.openqa.selenium.remote.ErrorHandler.throwIfResponseFailed(ErrorHandler.java:166)
org.openqa.selenium.remote.JsonWireProtocolResponse.lambda$errorHandler$0(JsonWireProtocolResponse.java:54)
org.openqa.selenium.remote.HandshakeResponse.lambda$getResponseFunction$0(HandshakeResponse.java:30)
org.openqa.selenium.remote.ProtocolHandshake.lambda$createSession$0(ProtocolHandshake.java:126)
java.base/java.util.stream.ReferencePipeline$3$1.accept(ReferencePipeline.java:195)
java.base/java.util.Spliterators$ArraySpliterator.tryAdvance(Spliterators.java:958)
java.base/java.util.stream.ReferencePipeline.forEachWithCancel(ReferencePipeline.java:127)
java.base/java.util.stream.AbstractPipeline.copyIntoWithCancel(AbstractPipeline.java:502)
java.base/java.util.stream.AbstractPipeline.copyInto(AbstractPipeline.java:488)
java.base/java.util.stream.AbstractPipeline.wrapAndCopyInto(AbstractPipeline.java:474)
java.base/java.util.stream.FindOps$FindOp.evaluateSequential(FindOps.java:150)
java.base/java.util.stream.AbstractPipeline.evaluate(AbstractPipeline.java:234)
java.base/java.util.stream.ReferencePipeline.findFirst(ReferencePipeline.java:543)
org.openqa.selenium.remote.ProtocolHandshake.createSession(ProtocolHandshake.java:128)
org.openqa.selenium.remote.ProtocolHandshake.createSession(ProtocolHandshake.java:74)
org.openqa.selenium.remote.HttpCommandExecutor.execute(HttpCommandExecutor.java:136)
com.qaprosoft.carina.core.foundation.webdriver.listener.EventFiringSeleniumCommandExecutor.execute(EventFiringSeleniumCommandExecutor.java:54)
org.openqa.selenium.remote.RemoteWebDriver.execute(RemoteWebDriver.java:552)
org.openqa.selenium.remote.RemoteWebDriver.startSession(RemoteWebDriver.java:213)
org.openqa.selenium.remote.RemoteWebDriver.<init>(RemoteWebDriver.java:131)
com.qaprosoft.carina.core.foundation.webdriver.core.factory.impl.DesktopFactory.create(DesktopFactory.java:126)
com.qaprosoft.carina.core.foundation.webdriver.core.factory.DriverFactory.create(DriverFactory.java:71)
com.qaprosoft.carina.core.foundation.webdriver.IDriverPool.createDriver(IDriverPool.java:511)
com.qaprosoft.carina.core.foundation.webdriver.IDriverPool.getDriver(IDriverPool.java:161)
com.qaprosoft.carina.core.foundation.webdriver.IDriverPool.getDriver(IDriverPool.java:96)
com.qaprosoft.carina.core.foundation.webdriver.IDriverPool.getDriver(IDriverPool.java:84)
com.projectUnicen.HeaderTest.testHeaderText(HeaderTest.java:35)
java.base/jdk.internal.reflect.NativeMethodAccessorImpl.invoke0(Native Method)
java.base/jdk.internal.reflect.NativeMethodAccessorImpl.invoke(NativeMethodAccessorImpl.java:62)
java.base/jdk.internal.reflect.DelegatingMethodAccessorImpl.invoke(DelegatingMethodAccessorImpl.java:43)
java.base/java.lang.reflect.Method.invoke(Method.java:567)
org.testng.internal.MethodInvocationHelper.invokeMethod(MethodInvocationHelper.java:134)
org.testng.internal.TestInvoker.invokeMethod(TestInvoker.java:597)
org.testng.internal.TestInvoker.invokeTestMethod(TestInvoker.java:173)
org.testng.internal.MethodRunner.runInSequence(MethodRunner.java:46)
org.testng.internal.TestInvoker$MethodInvocationAgent.invoke(TestInvoker.java:816)
org.testng.internal.TestInvoker.invokeTestMethods(TestInvoker.java:146)
org.testng.internal.TestMethodWorker.invokeTestMethods(TestMethodWorker.java:146)
org.testng.internal.TestMethodWorker.run(TestMethodWorker.java:128)
java.base/java.util.ArrayList.forEach(ArrayList.java:1540)
org.testng.TestRunner.privateRun(TestRunner.java:766)
org.testng.TestRunner.run(TestRunner.java:587)
org.testng.SuiteRunner.runTest(SuiteRunner.java:384)
org.testng.SuiteRunner.runSequentially(SuiteRunner.java:378)
org.testng.SuiteRunner.privateRun(SuiteRunner.java:337)
org.testng.SuiteRunner.run(SuiteRunner.java:286)
org.testng.SuiteRunnerWorker.runSuite(SuiteRunnerWorker.java:53)
org.testng.SuiteRunnerWorker.run(SuiteRunnerWorker.java:96)
org.testng.TestNG.runSuitesSequentially(TestNG.java:1187)
org.testng.TestNG.runSuitesLocally(TestNG.java:1109)
org.testng.TestNG.runSuites(TestNG.java:1039)
org.testng.TestNG.run(TestNG.java:1007)
org.testng.remote.AbstractRemoteTestNG.run(AbstractRemoteTestNG.java:115)
org.testng.remote.RemoteTestNG.initAndRun(RemoteTestNG.java:251)
org.testng.remote.RemoteTestNG.main(RemoteTestNG.java:77)
