[2021-01-04 04:13:52] [CarinaListener.java] [1] [INFO] 
============= Test configuration =============
url=https://www.exa.unicen.edu.ar/es
env=DEMO
env_arg_resolver=com.qaprosoft.carina.core.foundation.utils.DefaultEnvArgResolver
browser=chrome
browser_version=86
browser_language=en_US
selenium_host=http://localhost:4444/wd/hub
max_driver_count=3
headless=false
proxy_protocols=http,https,ftp
browsermob_proxy=false
browsermob_port=0
browsermob_disabled_mitm=false
proxy_set_to_system=false
track_known_issues=false
auto_screenshot=true
explicit_timeout=20
auto_download=false
retry_interval=5
project_report_directory=./reports/qa
max_screen_history=0
max_log_file_size=150
result_sorting=true
big_screen_width=-1
big_screen_height=-1
init_retry_count=0
init_retry_interval=1
retry_count=0
enable_l10n=true
l10n_encoding=ISO-8859-1
locale=en_US
thread_count=3
data_provider_thread_count=1
core_log_level=INFO
core_log_packages=com.qaprosoft.carina.core
artifacts_expiration_seconds=2592000
log_all_json=true
date_format=HH:mm:ss yyyy-MM-dd
time_format=HH:mm:ss
test_naming_pattern={method_name}
element_loading_strategy=BY_PRESENCE_OR_VISIBILITY
page_opening_strategy=BY_URL_AND_ELEMENT
forcibly_disable_driver_quit=false
s3_use_presign_url=false
s3_local_storage=.
appcenter_local_storage=.
add_new_localization=false
add_new_localization_encoding=utf-8
add_new_localization_property_name=new_custom_messages_
uninstall_related_apps=false
default_device_timezone=GMT
default_device_time_format=24
default_device_language=en_US
android_screen_record_bitrate=1000000
android_enable_bug_report=true
ios_screen_record_quality=MEDIUM
ios_screen_record_codec=libx264
ios_screen_record_fps=10
screen_record_duration=180
video_scale=-2:720
ignore_ssl=false
selenium_host=http://localhost:4444/wd/hub

------------- Driver capabilities -----------
================================================

[2021-01-04 04:13:53] [CarinaListener.java] [1] [INFO] CARINA_CORE_VERSION: 6.5.46
[2021-01-04 04:13:53] [IMessager.java] [1] [INFO]  TEST [Default test - testHeaderIngresantesButton] STARTED at [16:13:53 2021-01-04]
[2021-01-04 04:13:53] [AbstractCapabilities.java] [1] [INFO] Set Chrome language to: en_US
[2021-01-04 04:13:55] [DesktopFactory.java] [1] [INFO] Browser window was maximized
[2021-01-04 04:13:55] [CryptoTool.java] [1] [ERROR] File '.\src\main\resources\crypto.key' does not exist
[2021-01-04 04:13:55] [CryptoTool.java] [1] [ERROR] File '.\src\main\resources\crypto.key' does not exist
[2021-01-04 04:13:55] [CryptoTool.java] [1] [ERROR] File '.\src\main\resources\crypto.key' does not exist
[2021-01-04 04:13:55] [CryptoTool.java] [1] [ERROR] File '.\src\main\resources\crypto.key' does not exist
[2021-01-04 04:13:55] [CryptoTool.java] [1] [ERROR] File '.\src\main\resources\crypto.key' does not exist
[2021-01-04 04:13:55] [CryptoTool.java] [1] [ERROR] File '.\src\main\resources\crypto.key' does not exist
[2021-01-04 04:13:55] [CryptoTool.java] [1] [ERROR] File '.\src\main\resources\crypto.key' does not exist
[2021-01-04 04:13:55] [CryptoTool.java] [1] [ERROR] File '.\src\main\resources\crypto.key' does not exist
[2021-01-04 04:13:55] [CryptoTool.java] [1] [ERROR] File '.\src\main\resources\crypto.key' does not exist
[2021-01-04 04:13:55] [CryptoTool.java] [1] [ERROR] File '.\src\main\resources\crypto.key' does not exist
[2021-01-04 04:13:55] [CryptoTool.java] [1] [ERROR] File '.\src\main\resources\crypto.key' does not exist
[2021-01-04 04:13:55] [CryptoTool.java] [1] [ERROR] File '.\src\main\resources\crypto.key' does not exist
[2021-01-04 04:13:55] [CryptoTool.java] [1] [ERROR] File '.\src\main\resources\crypto.key' does not exist
[2021-01-04 04:13:55] [IMessager.java] [1] [INFO] INFO: url 'https://www.exa.unicen.edu.ar/es' is being opened...
[2021-01-04 04:13:56] [DriverListener.java] [1] [INFO] INFO: url 'https://www.exa.unicen.edu.ar/es' is opened.
[2021-01-04 04:13:57] [IMessager.java] [1] [ERROR]  TEST [Default test - testHeaderIngresantesButton] FAILED at [16:13:57 2021-01-04] - no such element: Unable to locate element: {"method":"css selector","selector":"*[name='Ingresantes']"}
  (Session info: chrome=86.0.4240.75)
For documentation on this error, please visit: https://www.seleniumhq.org/exceptions/no_such_element.html
Build info: version: '3.141.59', revision: 'e82be7d358', time: '2018-11-14T08:17:03'
System info: host: 'DESKTOP-D8OKUAA', ip: '192.168.176.1', os.name: 'Windows 10', os.arch: 'amd64', os.version: '10.0', java.version: '12.0.2'
Driver info: org.openqa.selenium.remote.RemoteWebDriver
Capabilities {acceptInsecureCerts: true, browserName: chrome, browserVersion: 86.0.4240.75, chrome: {chromedriverVersion: 86.0.4240.22 (398b0743353ff..., userDataDir: /tmp/.com.google.Chrome.f2nyjT}, goog:chromeOptions: {debuggerAddress: localhost:33367}, javascriptEnabled: true, networkConnectionEnabled: false, pageLoadStrategy: normal, platform: LINUX, platformName: LINUX, proxy: Proxy(), setWindowRect: true, strictFileInteractability: false, timeouts: {implicit: 0, pageLoad: 300000, script: 30000}, unhandledPromptBehavior: dismiss and notify, webauthn:virtualAuthenticators: true}
Session ID: b33525f7479734b4f618cdc4fc4c9f51
*** Element info: {Using=name, value=Ingresantes}

java.base/jdk.internal.reflect.NativeConstructorAccessorImpl.newInstance0(Native Method)
java.base/jdk.internal.reflect.NativeConstructorAccessorImpl.newInstance(NativeConstructorAccessorImpl.java:62)
java.base/jdk.internal.reflect.DelegatingConstructorAccessorImpl.newInstance(DelegatingConstructorAccessorImpl.java:45)
java.base/java.lang.reflect.Constructor.newInstanceWithCaller(Constructor.java:500)
java.base/java.lang.reflect.Constructor.newInstance(Constructor.java:481)
org.openqa.selenium.remote.http.W3CHttpResponseCodec.createException(W3CHttpResponseCodec.java:187)
org.openqa.selenium.remote.http.W3CHttpResponseCodec.decode(W3CHttpResponseCodec.java:122)
org.openqa.selenium.remote.http.W3CHttpResponseCodec.decode(W3CHttpResponseCodec.java:49)
org.openqa.selenium.remote.HttpCommandExecutor.execute(HttpCommandExecutor.java:158)
com.qaprosoft.carina.core.foundation.webdriver.listener.EventFiringSeleniumCommandExecutor.execute(EventFiringSeleniumCommandExecutor.java:54)
org.openqa.selenium.remote.RemoteWebDriver.execute(RemoteWebDriver.java:552)
org.openqa.selenium.remote.RemoteWebDriver.findElement(RemoteWebDriver.java:323)
org.openqa.selenium.remote.RemoteWebDriver.findElementByName(RemoteWebDriver.java:404)
org.openqa.selenium.By$ByName.findElement(By.java:284)
org.openqa.selenium.remote.RemoteWebDriver.findElement(RemoteWebDriver.java:315)
java.base/jdk.internal.reflect.NativeMethodAccessorImpl.invoke0(Native Method)
java.base/jdk.internal.reflect.NativeMethodAccessorImpl.invoke(NativeMethodAccessorImpl.java:62)
java.base/jdk.internal.reflect.DelegatingMethodAccessorImpl.invoke(DelegatingMethodAccessorImpl.java:43)
java.base/java.lang.reflect.Method.invoke(Method.java:567)
org.openqa.selenium.support.events.EventFiringWebDriver.lambda$new$1(EventFiringWebDriver.java:105)
com.sun.proxy.$Proxy17.findElement(Unknown Source)
org.openqa.selenium.support.events.EventFiringWebDriver.findElement(EventFiringWebDriver.java:194)
com.solvd.projectUnicen.gui.components.Header.clickLink(Header.java:52)
com.solvd.projectUnicen.HeaderTest.testHeaderIngresantesButton(HeaderTest.java:55)
java.base/jdk.internal.reflect.NativeMethodAccessorImpl.invoke0(Native Method)
java.base/jdk.internal.reflect.NativeMethodAccessorImpl.invoke(NativeMethodAccessorImpl.java:62)
java.base/jdk.internal.reflect.DelegatingMethodAccessorImpl.invoke(DelegatingMethodAccessorImpl.java:43)
java.base/java.lang.reflect.Method.invoke(Method.java:567)
org.testng.internal.MethodInvocationHelper.invokeMethod(MethodInvocationHelper.java:134)
org.testng.internal.TestInvoker.invokeMethod(TestInvoker.java:597)
org.testng.internal.TestInvoker.invokeTestMethod(TestInvoker.java:173)
org.testng.internal.MethodRunner.runInSequence(MethodRunner.java:46)
org.testng.internal.TestInvoker$MethodInvocationAgent.invoke(TestInvoker.java:816)
org.testng.internal.TestInvoker.invokeTestMethods(TestInvoker.java:146)
org.testng.internal.TestMethodWorker.invokeTestMethods(TestMethodWorker.java:146)
org.testng.internal.TestMethodWorker.run(TestMethodWorker.java:128)
java.base/java.util.ArrayList.forEach(ArrayList.java:1540)
org.testng.TestRunner.privateRun(TestRunner.java:766)
org.testng.TestRunner.run(TestRunner.java:587)
org.testng.SuiteRunner.runTest(SuiteRunner.java:384)
org.testng.SuiteRunner.runSequentially(SuiteRunner.java:378)
org.testng.SuiteRunner.privateRun(SuiteRunner.java:337)
org.testng.SuiteRunner.run(SuiteRunner.java:286)
org.testng.SuiteRunnerWorker.runSuite(SuiteRunnerWorker.java:53)
org.testng.SuiteRunnerWorker.run(SuiteRunnerWorker.java:96)
org.testng.TestNG.runSuitesSequentially(TestNG.java:1187)
org.testng.TestNG.runSuitesLocally(TestNG.java:1109)
org.testng.TestNG.runSuites(TestNG.java:1039)
org.testng.TestNG.run(TestNG.java:1007)
org.testng.remote.AbstractRemoteTestNG.run(AbstractRemoteTestNG.java:115)
org.testng.remote.RemoteTestNG.initAndRun(RemoteTestNG.java:251)
org.testng.remote.RemoteTestNG.main(RemoteTestNG.java:77)
